<?xml version="1.0" encoding="UTF-8"?>
<!-- Generated by org.testng.reporters.JUnitReportReporter -->
<testsuite hostname="xujian-PC" name="com.dataProvider.TestData3" tests="4" failures="0" timestamp="1 Aug 2017 06:58:31 GMT" time="0.009" errors="0">
  <testcase name="testDemo" time="0.007" classname="com.dataProvider.TestData3"/>
  <testcase name="testDemo1" time="0.001" classname="com.dataProvider.TestData3"/>
  <testcase name="testDemo" time="0.000" classname="com.dataProvider.TestData3"/>
  <testcase name="testDemo1" time="0.001" classname="com.dataProvider.TestData3"/>
</testsuite> <!-- com.dataProvider.TestData3 -->
