<?xml version="1.0" encoding="UTF-8"?>
<!-- Generated by org.testng.reporters.JUnitReportReporter -->
<testsuite hostname="xujian-PC" name="log4j.TestLog" tests="1" failures="0" timestamp="25 Jul 2017 08:46:31 GMT" time="0.009" errors="0">
  <testcase name="testLog" time="0.009" classname="log4j.TestLog"/>
</testsuite> <!-- log4j.TestLog -->
