<?xml version="1.0" encoding="UTF-8"?>
<!-- Generated by org.testng.reporters.JUnitReportReporter -->
<testsuite hostname="xujian-PC" name="com.dataProvider.TestData" tests="2" failures="0" timestamp="1 Aug 2017 01:40:22 GMT" time="0.008" errors="0">
  <testcase name="testDemo" time="0.007" classname="com.dataProvider.TestData"/>
  <testcase name="testDemo" time="0.001" classname="com.dataProvider.TestData"/>
</testsuite> <!-- com.dataProvider.TestData -->
