<?xml version="1.0" encoding="UTF-8"?>
<!-- Generated by org.testng.reporters.JUnitReportReporter -->
<testsuite hostname="xujian-PC" name="com.test.ExternalDataDrive.TestDemo" tests="2" failures="0" timestamp="2 Aug 2017 02:56:34 GMT" time="0.008" errors="0">
  <testcase name="testDemo" time="0.007" classname="com.test.ExternalDataDrive.TestDemo"/>
  <testcase name="testDemo" time="0.001" classname="com.test.ExternalDataDrive.TestDemo"/>
</testsuite> <!-- com.test.ExternalDataDrive.TestDemo -->
